00000000000i[     ] Bochs x86 Emulator 2.6
00000000000i[     ]   Built from SVN snapshot on September 2nd, 2012
00000000000i[     ] System configuration
00000000000i[     ]   processors: 1 (cores=1, HT threads=1)
00000000000i[     ]   A20 line support: yes
00000000000i[     ] IPS is set to 4000000
00000000000i[     ] CPU configuration
00000000000i[     ]   level: 6
00000000000i[     ]   SMP support: no
00000000000i[     ]   APIC support: xapic
00000000000i[     ]   FPU support: yes
00000000000i[     ]   MMX support: yes
00000000000i[     ]   3dnow! support: no
00000000000i[     ]   SEP support: yes
00000000000i[     ]   SSE support: sse2
00000000000i[     ]   XSAVE support: no 
00000000000i[     ]   AES support: no
00000000000i[     ]   MOVBE support: no
00000000000i[     ]   ADX support: no
00000000000i[     ]   x86-64 support: yes
00000000000i[     ]   1G paging support: no
00000000000i[     ]   MWAIT support: yes
00000000000i[     ]   AVX support: no
00000000000i[     ]   VMX support: 1
00000000000i[     ] Optimization configuration
00000000000i[     ]   RepeatSpeedups support: yes
00000000000i[     ]   Fast function calls: yes
00000000000i[     ]   Handlers Chaining speedups: no
00000000000i[     ] Devices configuration
00000000000i[     ]   NE2000 support: yes
00000000000i[     ]   PCI support: yes, enabled=yes
00000000000i[     ]   SB16 support: yes
00000000000i[     ]   USB support: yes
00000000000i[     ]   VGA extension support: vbe cirrus
00000000000i[MEM0 ] allocated memory at 0x7fa93d4c9010. after alignment, vector=0x7fa93d4ca000
00000000000i[MEM0 ] 32.00MB
00000000000i[MEM0 ] mem block size = 0x00100000, blocks=32
00000000000i[MEM0 ] rom at 0xfffe0000/131072 ('/usr/share/bochs/BIOS-bochs-latest')
00000000000i[     ] lt_dlhandle is 0x55cbbc1580c0
00000000000i[PLGIN] loaded plugin libbx_hdimage.so
00000000000i[     ] lt_dlhandle is 0x55cbbc31cc50
00000000000i[PLGIN] loaded plugin libbx_pci.so
00000000000i[     ] lt_dlhandle is 0x55cbbc31d7e0
00000000000i[PLGIN] loaded plugin libbx_pci2isa.so
00000000000i[     ] lt_dlhandle is 0x55cbbc31e1f0
00000000000i[PLGIN] loaded plugin libbx_acpi.so
00000000000i[     ] lt_dlhandle is 0x55cbbc31ec00
00000000000i[PLGIN] loaded plugin libbx_cmos.so
00000000000i[     ] lt_dlhandle is 0x55cbbc31f540
00000000000i[PLGIN] loaded plugin libbx_dma.so
00000000000i[     ] lt_dlhandle is 0x55cbbc31ffe0
00000000000i[PLGIN] loaded plugin libbx_pic.so
00000000000i[     ] lt_dlhandle is 0x55cbbc320890
00000000000i[PLGIN] loaded plugin libbx_pit.so
00000000000i[     ] lt_dlhandle is 0x55cbbc3212d0
00000000000i[PLGIN] loaded plugin libbx_floppy.so
00000000000i[     ] lt_dlhandle is 0x55cbbc321ed0
00000000000i[PLGIN] loaded plugin libbx_vga.so
00000000000i[     ] lt_dlhandle is 0x55cbbc322740
00000000000i[PLGIN] loaded plugin libbx_ioapic.so
00000000000i[     ] lt_dlhandle is 0x55cbbc322f90
00000000000i[PLGIN] loaded plugin libbx_keyboard.so
00000000000i[     ] lt_dlhandle is 0x55cbbc323920
00000000000i[PLGIN] loaded plugin libbx_harddrv.so
00000000000i[     ] lt_dlhandle is 0x55cbbc335a50
00000000000i[PLGIN] loaded plugin libbx_pci_ide.so
00000000000i[PLGIN] init_dev of 'pci' plugin device by virtual method
00000000000i[PCI  ] 440FX Host bridge present at device 0, function 0
00000000000i[PLGIN] init_dev of 'pci2isa' plugin device by virtual method
00000000000i[PCI  ] PIIX3 PCI-to-ISA bridge present at device 1, function 0
00000000000i[PLGIN] init_dev of 'cmos' plugin device by virtual method
00000000000i[CMOS ] Using local time for initial clock
00000000000i[CMOS ] Setting initial clock to: Thu Aug  6 02:46:22 2020 (time0=1596653182)
00000000000i[PLGIN] init_dev of 'dma' plugin device by virtual method
00000000000i[DMA  ] channel 4 used by cascade
00000000000i[PLGIN] init_dev of 'pic' plugin device by virtual method
00000000000i[PLGIN] init_dev of 'pit' plugin device by virtual method
00000000000i[PLGIN] init_dev of 'floppy' plugin device by virtual method
00000000000i[DMA  ] channel 2 used by Floppy Drive
00000000000i[PLGIN] init_dev of 'vga' plugin device by virtual method
00000000000i[MEM0 ] Register memory access handlers: 0x00000000000a0000 - 0x00000000000bffff
00000000000i[VGA  ] interval=200000
00000000000i[MEM0 ] Register memory access handlers: 0x00000000e0000000 - 0x00000000e0ffffff
00000000000i[BXVGA] VBE Bochs Display Extension Enabled
00000000000i[XGUI ] test_alloc_colors: 16 colors available out of 16 colors tried
00000000000i[XGUI ] font 8 wide x 16 high, display depth = 24
00000000000i[KMAP ] Loading keymap from '/usr/share/bochs/keymaps/x11-pc-us.map'
00000000000i[KMAP ] Loaded 168 symbols
00000000000i[MEM0 ] rom at 0xc0000/41472 ('/usr/share/bochs/VGABIOS-lgpl-latest')
00000000000i[PLGIN] init_dev of 'acpi' plugin device by virtual method
00000000000i[PCI  ] ACPI Controller present at device 1, function 3
00000000000i[PLGIN] init_dev of 'ioapic' plugin device by virtual method
00000000000i[IOAP ] initializing I/O APIC
00000000000i[MEM0 ] Register memory access handlers: 0x00000000fec00000 - 0x00000000fec00fff
00000000000i[PLGIN] init_dev of 'keyboard' plugin device by virtual method
00000000000i[KBD  ] will paste characters every 1000 keyboard ticks
00000000000i[PLGIN] init_dev of 'harddrv' plugin device by virtual method
00000000000i[HD   ] HD on ata0-0: 'hd.img', 'flat' mode
00000000000i[IMG  ] hd_size: 51609600
00000000000i[HD   ] ata0-0: autodetect geometry: CHS=100/16/63
00000000000i[HD   ] translation on ata0-0 set to 'none'
00000000000i[HD   ] Using boot sequence disk, none, none
00000000000i[HD   ] Floppy boot signature check is enabled
00000000000i[PLGIN] init_dev of 'pci_ide' plugin device by virtual method
00000000000i[PCI  ] PIIX3 PCI IDE controller present at device 1, function 1
00000000000i[PLGIN] init_dev of 'unmapped' plugin device by virtual method
00000000000i[PLGIN] init_dev of 'biosdev' plugin device by virtual method
00000000000i[PLGIN] init_dev of 'speaker' plugin device by virtual method
00000000000i[PLGIN] init_dev of 'extfpuirq' plugin device by virtual method
00000000000i[PLGIN] init_dev of 'parallel' plugin device by virtual method
00000000000i[PAR  ] parallel port 1 at 0x0378 irq 7
00000000000i[PLGIN] init_dev of 'serial' plugin device by virtual method
00000000000i[SER  ] com1 at 0x03f8 irq 4
00000000000i[PLGIN] init_dev of 'gameport' plugin device by virtual method
00000000000i[PLGIN] init_dev of 'iodebug' plugin device by virtual method
00000000000i[PLGIN] register state of 'pci' plugin device by virtual method
00000000000i[PLGIN] register state of 'pci2isa' plugin device by virtual method
00000000000i[PLGIN] register state of 'cmos' plugin device by virtual method
00000000000i[PLGIN] register state of 'dma' plugin device by virtual method
00000000000i[PLGIN] register state of 'pic' plugin device by virtual method
00000000000i[PLGIN] register state of 'pit' plugin device by virtual method
00000000000i[PLGIN] register state of 'floppy' plugin device by virtual method
00000000000i[PLGIN] register state of 'vga' plugin device by virtual method
00000000000i[PLGIN] register state of 'unmapped' plugin device by virtual method
00000000000i[PLGIN] register state of 'biosdev' plugin device by virtual method
00000000000i[PLGIN] register state of 'speaker' plugin device by virtual method
00000000000i[PLGIN] register state of 'extfpuirq' plugin device by virtual method
00000000000i[PLGIN] register state of 'parallel' plugin device by virtual method
00000000000i[PLGIN] register state of 'serial' plugin device by virtual method
00000000000i[PLGIN] register state of 'gameport' plugin device by virtual method
00000000000i[PLGIN] register state of 'iodebug' plugin device by virtual method
00000000000i[PLGIN] register state of 'acpi' plugin device by virtual method
00000000000i[PLGIN] register state of 'ioapic' plugin device by virtual method
00000000000i[PLGIN] register state of 'keyboard' plugin device by virtual method
00000000000i[PLGIN] register state of 'harddrv' plugin device by virtual method
00000000000i[PLGIN] register state of 'pci_ide' plugin device by virtual method
00000000000i[SYS  ] bx_pc_system_c::Reset(HARDWARE) called
00000000000i[CPU0 ] cpu hardware reset
00000000000i[APIC0] allocate APIC id=0 (MMIO enabled) to 0x00000000fee00000
00000000000i[CPU0 ] CPUID[0x00000000]: 00000002 756e6547 6c65746e 49656e69
00000000000i[CPU0 ] CPUID[0x00000001]: 00000633 00010800 00002028 1fcbfbff
00000000000i[CPU0 ] CPUID[0x00000002]: 00410601 00000000 00000000 00000000
00000000000i[CPU0 ] CPUID[0x80000000]: 80000008 00000000 00000000 00000000
00000000000i[CPU0 ] CPUID[0x80000001]: 00000000 00000000 00000101 2a100000
00000000000i[CPU0 ] CPUID[0x80000002]: 20202020 20202020 20202020 6e492020
00000000000i[CPU0 ] CPUID[0x80000003]: 286c6574 50202952 69746e65 52286d75
00000000000i[CPU0 ] CPUID[0x80000004]: 20342029 20555043 20202020 00202020
00000000000i[CPU0 ] CPUID[0x80000005]: 01ff01ff 01ff01ff 40020140 40020140
00000000000i[CPU0 ] CPUID[0x80000006]: 00000000 42004200 02008140 00000000
00000000000i[CPU0 ] CPUID[0x80000007]: 00000000 00000000 00000000 00000000
00000000000i[CPU0 ] CPUID[0x80000008]: 00003028 00000000 00000000 00000000
00000000000i[PLGIN] reset of 'pci' plugin device by virtual method
00000000000i[PLGIN] reset of 'pci2isa' plugin device by virtual method
00000000000i[PLGIN] reset of 'cmos' plugin device by virtual method
00000000000i[PLGIN] reset of 'dma' plugin device by virtual method
00000000000i[PLGIN] reset of 'pic' plugin device by virtual method
00000000000i[PLGIN] reset of 'pit' plugin device by virtual method
00000000000i[PLGIN] reset of 'floppy' plugin device by virtual method
00000000000i[PLGIN] reset of 'vga' plugin device by virtual method
00000000000i[PLGIN] reset of 'acpi' plugin device by virtual method
00000000000i[PLGIN] reset of 'ioapic' plugin device by virtual method
00000000000i[PLGIN] reset of 'keyboard' plugin device by virtual method
00000000000i[PLGIN] reset of 'harddrv' plugin device by virtual method
00000000000i[PLGIN] reset of 'pci_ide' plugin device by virtual method
00000000000i[PLGIN] reset of 'unmapped' plugin device by virtual method
00000000000i[PLGIN] reset of 'biosdev' plugin device by virtual method
00000000000i[PLGIN] reset of 'speaker' plugin device by virtual method
00000000000e[SPEAK] Failed to open /dev/console: 权限不够
00000000000e[SPEAK] Deactivating beep on console
00000000000i[PLGIN] reset of 'extfpuirq' plugin device by virtual method
00000000000i[PLGIN] reset of 'parallel' plugin device by virtual method
00000000000i[PLGIN] reset of 'serial' plugin device by virtual method
00000000000i[PLGIN] reset of 'gameport' plugin device by virtual method
00000000000i[PLGIN] reset of 'iodebug' plugin device by virtual method
00000000000i[XGUI ] Mouse capture off
00000000000i[     ] set SIGINT handler to bx_debug_ctrlc_handler
00000000000i[XGUI ] Mouse capture off
00000000000i[XGUI ] Mouse capture off
00000000025i[MEM0 ] allocate_block: block=0x0 used 0x1 of 0x20
00000004661i[BIOS ] $Revision: 11318 $ $Date: 2012-08-06 19:59:54 +0200 (Mo, 06. Aug 2012) $
00000319074i[KBD  ] reset-disable command received
00000321809i[BIOS ] Starting rombios32
00000322266i[BIOS ] Shutdown flag 0
00000322879i[BIOS ] ram_size=0x02000000
00000323325i[BIOS ] ram_end=32MB
00000363942i[BIOS ] Found 1 cpu(s)
00000378140i[BIOS ] bios_table_addr: 0x000fa438 end=0x000fcc00
00000705945i[PCI  ] 440FX PMC write to PAM register 59 (TLB Flush)
00001033883i[P2I  ] PCI IRQ routing: PIRQA# set to 0x0b
00001033908i[P2I  ] PCI IRQ routing: PIRQB# set to 0x09
00001033933i[P2I  ] PCI IRQ routing: PIRQC# set to 0x0b
00001033958i[P2I  ] PCI IRQ routing: PIRQD# set to 0x09
00001033968i[P2I  ] write: ELCR2 = 0x0a
00001034762i[BIOS ] PIIX3/PIIX4 init: elcr=00 0a
00001042488i[BIOS ] PCI: bus=0 devfn=0x00: vendor_id=0x8086 device_id=0x1237 class=0x0600
00001044800i[BIOS ] PCI: bus=0 devfn=0x08: vendor_id=0x8086 device_id=0x7000 class=0x0601
00001046951i[BIOS ] PCI: bus=0 devfn=0x09: vendor_id=0x8086 device_id=0x7010 class=0x0101
00001047181i[PIDE ] new BM-DMA address: 0xc000
00001047818i[BIOS ] region 4: 0x0000c000
00001049888i[BIOS ] PCI: bus=0 devfn=0x0b: vendor_id=0x8086 device_id=0x7113 class=0x0680
00001050119i[ACPI ] new irq line = 11
00001050136i[ACPI ] new irq line = 9
00001050170i[ACPI ] new PM base address: 0xb000
00001050184i[ACPI ] new SM base address: 0xb100
00001050211i[PCI  ] setting SMRAM control register to 0x4a
00001214351i[CPU0 ] Enter to System Management Mode
00001214351i[CPU0 ] enter_system_management_mode: temporary disable VMX while in SMM mode
00001214361i[CPU0 ] RSM: Resuming from System Management Mode
00001378419i[PCI  ] setting SMRAM control register to 0x0a
00001393289i[BIOS ] MP table addr=0x000fa510 MPC table addr=0x000fa440 size=0xc8
00001395032i[BIOS ] SMBIOS table addr=0x000fa520
00001395100i[MEM0 ] allocate_block: block=0x1f used 0x2 of 0x20
00001397954i[BIOS ] Firmware waking vector 0x1ff00cc
00001402793i[BIOS ] ACPI tables: RSDP addr=0x000fa640 ACPI DATA addr=0x01ff0000 size=0x1f22
00001402830i[PCI  ] 440FX PMC write to PAM register 59 (TLB Flush)
00001403571i[BIOS ] bios_table_cur_addr: 0x000fa664
00001531191i[VBIOS] VGABios $Id: vgabios.c,v 1.75 2011/10/15 14:07:21 vruppert Exp $
00001531262i[BXVGA] VBE known Display Interface b0c0
00001531294i[BXVGA] VBE known Display Interface b0c5
00001534219i[VBIOS] VBE Bios $Id: vbe.c,v 1.64 2011/07/19 18:25:05 vruppert Exp $
00001600001i[XGUI ] charmap update. Font Height is 16
00001878696i[BIOS ] ata0-0: PCHS=100/16/63 translation=none LCHS=100/16/63
00005755902i[BIOS ] IDE time out
00017824970i[BIOS ] Booting from 0000:7c00
00018533635i[MEM0 ] allocate_block: block=0x1 used 0x3 of 0x20
00018546164i[BIOS ] int13_harddisk: function 41, unmapped device for ELDL=81
00018549844i[BIOS ] int13_harddisk: function 08, unmapped device for ELDL=81
00018553505i[BIOS ] *** int 15h function AX=00c0, BX=0000 not yet supported!
00051918322i[MEM0 ] allocate_block: block=0x2 used 0x4 of 0x20
00057313001i[XGUI ] Mouse capture off
00057313002i[XGUI ] Mouse capture off
00057313003i[XGUI ] Mouse capture off
00057313004i[XGUI ] Mouse capture off
00057313005i[XGUI ] Mouse capture off
00057313008i[XGUI ] Mouse capture off
00057313009i[XGUI ] Mouse capture off
00057313010i[XGUI ] Mouse capture off
00057313011i[XGUI ] Mouse capture off
00057313012i[XGUI ] Mouse capture off
00057313013i[XGUI ] Mouse capture off
00057313014i[XGUI ] Mouse capture off
00057313015i[XGUI ] Mouse capture off
00057313016i[XGUI ] Mouse capture off
00057313017i[XGUI ] Mouse capture off
00057313018i[XGUI ] Mouse capture off
00057313019i[XGUI ] Mouse capture off
00057313020i[XGUI ] Mouse capture off
00057313021i[XGUI ] Mouse capture off
00057313022i[XGUI ] Mouse capture off
00057337077i[XGUI ] Mouse capture off
00057337078i[XGUI ] Mouse capture off
00057337093i[XGUI ] Mouse capture off
00057337094i[XGUI ] Mouse capture off
00057337095i[XGUI ] Mouse capture off
00057337096i[XGUI ] Mouse capture off
00057337097i[XGUI ] Mouse capture off
00057337098i[XGUI ] Mouse capture off
00057337099i[XGUI ] Mouse capture off
00057337100i[XGUI ] Mouse capture off
00057337101i[XGUI ] Mouse capture off
00057337102i[XGUI ] Mouse capture off
00057337103i[XGUI ] Mouse capture off
00057337104i[XGUI ] Mouse capture off
00057337105i[XGUI ] Mouse capture off
00057337106i[XGUI ] Mouse capture off
00057337174i[XGUI ] Mouse capture off
00057337175i[XGUI ] Mouse capture off
00057337176i[XGUI ] Mouse capture off
00057337177i[XGUI ] Mouse capture off
00057337178i[XGUI ] Mouse capture off
00057337179i[XGUI ] Mouse capture off
00057337180i[XGUI ] Mouse capture off
00057337181i[XGUI ] Mouse capture off
00057337182i[XGUI ] Mouse capture off
00057337183i[XGUI ] Mouse capture off
00057337184i[XGUI ] Mouse capture off
00057337185i[XGUI ] Mouse capture off
00057337263i[XGUI ] Mouse capture off
00057337264i[XGUI ] Mouse capture off
00057337265i[XGUI ] Mouse capture off
00057337266i[XGUI ] Mouse capture off
00057337267i[XGUI ] Mouse capture off
00057337268i[XGUI ] Mouse capture off
00057337269i[XGUI ] Mouse capture off
00057337270i[XGUI ] Mouse capture off
00057337271i[XGUI ] Mouse capture off
00057337272i[XGUI ] Mouse capture off
00057337273i[XGUI ] Mouse capture off
00057337274i[XGUI ] Mouse capture off
00057337362i[XGUI ] Mouse capture off
00057337363i[XGUI ] Mouse capture off
00057337364i[XGUI ] Mouse capture off
00057337365i[XGUI ] Mouse capture off
00057337366i[XGUI ] Mouse capture off
00057337367i[XGUI ] Mouse capture off
00057337368i[XGUI ] Mouse capture off
00057337369i[XGUI ] Mouse capture off
00057337370i[XGUI ] Mouse capture off
00057337371i[XGUI ] Mouse capture off
00057337372i[XGUI ] Mouse capture off
00057337373i[XGUI ] Mouse capture off
00057337471i[XGUI ] Mouse capture off
00057337472i[XGUI ] Mouse capture off
00057337473i[XGUI ] Mouse capture off
00057337474i[XGUI ] Mouse capture off
00057337475i[XGUI ] Mouse capture off
00057337476i[XGUI ] Mouse capture off
00057337477i[XGUI ] Mouse capture off
00057337478i[XGUI ] Mouse capture off
00057337479i[XGUI ] Mouse capture off
00057337480i[XGUI ] Mouse capture off
00057337481i[XGUI ] Mouse capture off
00057337482i[XGUI ] Mouse capture off
00057337590i[XGUI ] Mouse capture off
00057337591i[XGUI ] Mouse capture off
00057337592i[XGUI ] Mouse capture off
00057337593i[XGUI ] Mouse capture off
00057337594i[XGUI ] Mouse capture off
00057337595i[XGUI ] Mouse capture off
00057337596i[XGUI ] Mouse capture off
00057337597i[XGUI ] Mouse capture off
00057337598i[XGUI ] Mouse capture off
00057337599i[XGUI ] Mouse capture off
00057337600i[XGUI ] Mouse capture off
00057337601i[XGUI ] Mouse capture off
00057337719i[XGUI ] Mouse capture off
00057337720i[XGUI ] Mouse capture off
00057337721i[XGUI ] Mouse capture off
00057337722i[XGUI ] Mouse capture off
00057337723i[XGUI ] Mouse capture off
00057337724i[XGUI ] Mouse capture off
00057337725i[XGUI ] Mouse capture off
00057337726i[XGUI ] Mouse capture off
00057337727i[XGUI ] Mouse capture off
00057337728i[XGUI ] Mouse capture off
00057337729i[XGUI ] Mouse capture off
00057337730i[XGUI ] Mouse capture off
00057337858i[XGUI ] Mouse capture off
00057337859i[XGUI ] Mouse capture off
00057337860i[XGUI ] Mouse capture off
00057337861i[XGUI ] Mouse capture off
00057337862i[XGUI ] Mouse capture off
00057337863i[XGUI ] Mouse capture off
00057337864i[XGUI ] Mouse capture off
00057337865i[XGUI ] Mouse capture off
00057337866i[XGUI ] Mouse capture off
00057337867i[XGUI ] Mouse capture off
00057337868i[XGUI ] Mouse capture off
00057337869i[XGUI ] Mouse capture off
00057338007i[XGUI ] Mouse capture off
00057338008i[XGUI ] Mouse capture off
00057338009i[XGUI ] Mouse capture off
00057338010i[XGUI ] Mouse capture off
00057338011i[XGUI ] Mouse capture off
00057338012i[XGUI ] Mouse capture off
00057338013i[XGUI ] Mouse capture off
00057338014i[XGUI ] Mouse capture off
00057338015i[XGUI ] Mouse capture off
00057338016i[XGUI ] Mouse capture off
00057338017i[XGUI ] Mouse capture off
00057338018i[XGUI ] Mouse capture off
00057338097i[XGUI ] Mouse capture off
00057338098i[XGUI ] Mouse capture off
00057338099i[XGUI ] Mouse capture off
00057338100i[XGUI ] Mouse capture off
00057338101i[XGUI ] Mouse capture off
00057338102i[XGUI ] Mouse capture off
00057338103i[XGUI ] Mouse capture off
00057338104i[XGUI ] Mouse capture off
00057338105i[XGUI ] Mouse capture off
00057338106i[XGUI ] Mouse capture off
00057338107i[XGUI ] Mouse capture off
00057338108i[XGUI ] Mouse capture off
00057338197i[XGUI ] Mouse capture off
00057338197i[XGUI ] Mouse capture off
00057338197i[XGUI ] Mouse capture off
00057338198i[XGUI ] Mouse capture off
00057338199i[XGUI ] Mouse capture off
00057338200i[XGUI ] Mouse capture off
00057338201i[XGUI ] Mouse capture off
00057338202i[XGUI ] Mouse capture off
00057338203i[XGUI ] Mouse capture off
00057338204i[XGUI ] Mouse capture off
00057338205i[XGUI ] Mouse capture off
00057338206i[XGUI ] Mouse capture off
00057338207i[XGUI ] Mouse capture off
00057338208i[XGUI ] Mouse capture off
00057338307i[XGUI ] Mouse capture off
00057338308i[XGUI ] Mouse capture off
00057338309i[XGUI ] Mouse capture off
00057338309i[XGUI ] Mouse capture off
00057338310i[XGUI ] Mouse capture off
00057338311i[XGUI ] Mouse capture off
00057338312i[XGUI ] Mouse capture off
00057361053i[CPU0 ] LOCK prefix unallowed (op1=0x41, modrm=0x00)
00057361061e[DEV  ] write to port 0x0020 with len 4 ignored
00057361067i[CPU0 ] LOCK prefix unallowed (op1=0x41, modrm=0x00)
00057361132i[CPU0 ] LOCK prefix unallowed (op1=0x41, modrm=0x00)
00400452000p[XGUI ] >>PANIC<< POWER button turned off.
00400452000i[CPU0 ] CPU is in protected mode (active)
00400452000i[CPU0 ] CS.mode = 32 bit
00400452000i[CPU0 ] SS.mode = 32 bit
00400452000i[CPU0 ] EFER   = 0x00000000
00400452000i[CPU0 ] | EAX=c0208000  EBX=c0293b10  ECX=00000006  EDX=00000006
00400452000i[CPU0 ] | ESP=c0293adc  EBP=c0290ee8  ESI=00058d8a  EDI=00058d79
00400452000i[CPU0 ] | IOPL=0 id vip vif ac vm rf nt of df if tf SF zf af pf cf
00400452000i[CPU0 ] | SEG sltr(index|ti|rpl)     base    limit G D
00400452000i[CPU0 ] |  CS:0008( 0001| 0|  0) 00000000 ffffffff 1 1
00400452000i[CPU0 ] |  DS:0010( 0002| 0|  0) 00000000 ffffffff 1 1
00400452000i[CPU0 ] |  SS:0010( 0002| 0|  0) 00000000 ffffffff 1 1
00400452000i[CPU0 ] |  ES:0010( 0002| 0|  0) 00000000 ffffffff 1 1
00400452000i[CPU0 ] |  FS:0010( 0002| 0|  0) 00000000 ffffffff 1 1
00400452000i[CPU0 ] |  GS:0018( 0003| 0|  0) 000b8000 00007fff 1 1
00400452000i[CPU0 ] | EIP=c02030eb (c02030eb)
00400452000i[CPU0 ] | CR0=0xe0000011 CR2=0x80499f20
00400452000i[CPU0 ] | CR3=0x00101000 CR4=0x00000000
00400452000i[CMOS ] Last time is 1596653282 (Thu Aug  6 02:48:02 2020)
00400452000i[XGUI ] Exit
00400452000i[CTRL ] quit_sim called with exit code 1
